Using pre-set license
Built from '2020.3/release' branch; Version is '2020.3.1f1 (77a89f25062f) revision 7841951'; Using compiler version '192528614'; Build Type 'Release'
OS: 'Windows 10 Home Single Language; OS build 19041.928; Version 2004; 64bit' Language: 'pt' Physical Memory: 8123 MB
BatchMode: 1, IsHumanControllingUs: 0, StartBugReporterOnCrash: 0, Is64bit: 1, IsPro: 0

 COMMAND LINE ARGUMENTS:
C:\Program Files\Unity Projects\2020.3.1f1\Editor\Unity.exe
-adb2
-batchMode
-noUpm
-name
AssetImportWorker0
-projectPath
C:/Users/Clara/OneDrive/Área de Trabalho/2021 UNITY/FIAP Projects/PumpkinsProject
-logFile
Logs/AssetImportWorker0.log
-srvPort
54608
Successfully changed project path to: C:/Users/Clara/OneDrive/Área de Trabalho/2021 UNITY/FIAP Projects/PumpkinsProject
C:/Users/Clara/OneDrive/Área de Trabalho/2021 UNITY/FIAP Projects/PumpkinsProject
Using Asset Import Pipeline V2.
Refreshing native plugins compatible for Editor in 42.87 ms, found 0 plugins.
Preloading 0 native plugins for Editor in 0.00 ms.
Initialize engine version: 2020.3.1f1 (77a89f25062f)
[Subsystems] Discovering subsystems at path C:/Program Files/Unity Projects/2020.3.1f1/Editor/Data/Resources/UnitySubsystems
[Subsystems] Discovering subsystems at path C:/Users/Clara/OneDrive/Área de Trabalho/2021 UNITY/FIAP Projects/PumpkinsProject/Assets
GfxDevice: creating device client; threaded=0
Direct3D:
    Version:  Direct3D 11.0 [level 11.1]
    Renderer: Intel(R) HD Graphics Family (ID=0xa16)
    Vendor:   
    VRAM:     2048 MB
    Driver:   10.18.15.4248
Initialize mono
Mono path[0] = 'C:/Program Files/Unity Projects/2020.3.1f1/Editor/Data/Managed'
Mono path[1] = 'C:/Program Files/Unity Projects/2020.3.1f1/Editor/Data/MonoBleedingEdge/lib/mono/unityjit'
Mono config path = 'C:/Program Files/Unity Projects/2020.3.1f1/Editor/Data/MonoBleedingEdge/etc'
Using monoOptions --debugger-agent=transport=dt_socket,embedding=1,server=y,suspend=n,address=127.0.0.1:56980
Begin MonoManager ReloadAssembly
Registering precompiled unity dll's ...
Register platform support module: C:/Program Files/Unity Projects/2020.3.1f1/Editor/Data/PlaybackEngines/WindowsStandaloneSupport/UnityEditor.WindowsStandalone.Extensions.dll
Registered in 0.002731 seconds.
Native extension for WindowsStandalone target not found
Refreshing native plugins compatible for Editor in 38.05 ms, found 0 plugins.
Preloading 0 native plugins for Editor in 0.00 ms.
Invoked RoslynAnalysisRunner static constructor.
RoslynAnalysisRunner will not be running.
RoslynAnalysisRunner has terminated.
Mono: successfully reloaded assembly
- Completed reload, in  3.123 seconds
Platform modules already initialized, skipping
Registering precompiled user dll's ...
Registered in 0.001158 seconds.
Begin MonoManager ReloadAssembly
Native extension for WindowsStandalone target not found
Refreshing native plugins compatible for Editor in 0.29 ms, found 0 plugins.
Preloading 0 native plugins for Editor in 0.00 ms.
Invoked RoslynAnalysisRunner static constructor.
RoslynAnalysisRunner will not be running.
RoslynAnalysisRunner has terminated.
Mono: successfully reloaded assembly
- Completed reload, in  1.547 seconds
Platform modules already initialized, skipping
========================================================================
Worker process is ready to serve import requests
Launched and connected shader compiler UnityShaderCompiler.exe after 0.07 seconds
Refreshing native plugins compatible for Editor in 0.48 ms, found 0 plugins.
Preloading 0 native plugins for Editor in 0.00 ms.
Unloading 1123 Unused Serialized files (Serialized files now loaded: 0)
System memory in use before: 70.9 MB.
System memory in use after: 71.0 MB.

Unloading 10 unused Assets to reduce memory usage. Loaded Objects now: 1584.
Total: 2.415400 ms (FindLiveObjects: 0.280000 ms CreateObjectMapping: 0.061300 ms MarkObjects: 1.889200 ms  DeleteObjects: 0.182800 ms)

========================================================================
Received Import Request.
  path: Assets/Pumpkins/Scripts/Spawner.cs
  artifactKey: Guid(c0654dc9f4ed8604d90b0edcd5c7425b) Importer(815301076,1909f56bfc062723c751e8b465ee728b)
Start importing Assets/Pumpkins/Scripts/Spawner.cs using Guid(c0654dc9f4ed8604d90b0edcd5c7425b) Importer(815301076,1909f56bfc062723c751e8b465ee728b)  -> (artifact id: '7ee19527c937ee5393cfe0b8bee10f53') in 0.068956 seconds
  Import took 0.072336 seconds .

========================================================================
Received Import Request.
  Time since last request: 8.104651 seconds.
  path: Assets/Pumpkins/Scripts/CharacterManager.cs
  artifactKey: Guid(07ebe6062b1e9244c9adf08181c08fdd) Importer(815301076,1909f56bfc062723c751e8b465ee728b)
Start importing Assets/Pumpkins/Scripts/CharacterManager.cs using Guid(07ebe6062b1e9244c9adf08181c08fdd) Importer(815301076,1909f56bfc062723c751e8b465ee728b)  -> (artifact id: '0a33f2f12ef5f612bb00900629336bd9') in 0.017059 seconds
  Import took 0.048119 seconds .

========================================================================
Received Import Request.
  Time since last request: 6.032428 seconds.
  path: Assets/Pumpkins/Scripts/CharacterManager.cs
  artifactKey: Guid(07ebe6062b1e9244c9adf08181c08fdd) Importer(815301076,1909f56bfc062723c751e8b465ee728b)
Start importing Assets/Pumpkins/Scripts/CharacterManager.cs using Guid(07ebe6062b1e9244c9adf08181c08fdd) Importer(815301076,1909f56bfc062723c751e8b465ee728b)  -> (artifact id: '0a33f2f12ef5f612bb00900629336bd9') in 0.008445 seconds
  Import took 0.012323 seconds .

========================================================================
Received Prepare
Registering precompiled user dll's ...
Registered in 0.001569 seconds.
Begin MonoManager ReloadAssembly
Native extension for WindowsStandalone target not found
Refreshing native plugins compatible for Editor in 0.50 ms, found 0 plugins.
Preloading 0 native plugins for Editor in 0.00 ms.
Invoked RoslynAnalysisRunner static constructor.
RoslynAnalysisRunner will not be running.
RoslynAnalysisRunner has terminated.
Mono: successfully reloaded assembly
- Completed reload, in  1.605 seconds
Platform modules already initialized, skipping
Refreshing native plugins compatible for Editor in 0.51 ms, found 0 plugins.
Preloading 0 native plugins for Editor in 0.00 ms.
Unloading 1116 Unused Serialized files (Serialized files now loaded: 0)
System memory in use before: 70.7 MB.
System memory in use after: 70.8 MB.

Unloading 6 unused Assets to reduce memory usage. Loaded Objects now: 1586.
Total: 2.951600 ms (FindLiveObjects: 0.171400 ms CreateObjectMapping: 0.057300 ms MarkObjects: 2.639600 ms  DeleteObjects: 0.081600 ms)

AssetImportWorkerClient::OnTransportError - code=2 error=End of file
